Build started 13-03-2021 11:11:33.
     1>Project "C:\Users\benbl\OneDrive\Documentos\GitHub\Shoot-Fortress\Shoot em fortress\src\utils\vvis\vvis_dll.vcxproj" on node 5 (Build target(s)).
     1>PreBuildEvent:
         if EXIST ..\..\..\game\bin\.\vvis_dll.dll for /f "delims=" %%A in ('attrib "..\..\..\game\bin\.\vvis_dll.dll"') do set valveTmpIsReadOnly="%%A"
         set valveTmpIsReadOnlyLetter=%valveTmpIsReadOnly:~6,1%
         if "%valveTmpIsReadOnlyLetter%"=="R" del /q "C:\Users\benbl\OneDrive\Documentos\GitHub\Shoot-Fortress\Shoot em fortress\src\utils\vvis\Debug\"vvis_dll.dll
         if exist "..\..\devtools\bin\vpc.exe" "..\..\devtools\bin\vpc.exe" -crc2 "vvis_dll.vcxproj"
         if ERRORLEVEL 1 exit /b 1
         
         :VCEnd
       CustomBuild:
         Running VPC CRC Check - vvis_dll.vpc
       Link:
         C:\Program Files (x86)\Microsoft Visual Studio 12.0\VC\bin\link.exe /ERRORREPORT:PROMPT /OUT:".\Debug\.\\vvis_dll.dll" /INCREMENTAL /NOLOGO /LIBPATH:..\..\lib\common\. /LIBPATH:..\..\lib\public\. shell32.lib user32.lib advapi32.lib gdi32.lib comdlg32.lib ole32.lib odbc32.lib odbccp32.lib ws2_32.lib /NODEFAULTLIB:libc /NODEFAULTLIB:libcd /NODEFAULTLIB:libcmt /NODEFAULTLIB:libcpmt /NODEFAULTLIB:libcpmt1 /MANIFEST:NO /DEBUG /PDB:".\Debug\.\/vvis_dll.pdb" /SUBSYSTEM:WINDOWS,"5.01" /TLBID:1 /DYNAMICBASE:NO /NXCOMPAT /IMPLIB:".\Debug\.\vvis_dll.lib" /MACHINE:X86 /SAFESEH:NO  /ignore:4221 /DLL .\Debug\.\\pointeroverride.obj
         .\Debug\.\/bsplib.obj
         .\Debug\.\/cmdlib.obj
         .\Debug\.\/collisionutils.obj
         .\Debug\.\/filesystem_helpers.obj
         .\Debug\.\/flow.obj
         .\Debug\.\/loadcmdline.obj
         .\Debug\.\/lumpfiles.obj
         .\Debug\.\/mpi_stats.obj
         .\Debug\.\/mpivis.obj
         .\Debug\.\/MySqlDatabase.obj
         .\Debug\.\/pacifier.obj
         .\Debug\.\/scratchpad3d.obj
         .\Debug\.\/scratchpad_helpers.obj
         .\Debug\.\/scriplib.obj
         .\Debug\.\/threads.obj
         .\Debug\.\/tools_minidump.obj
         .\Debug\.\/vmpi_tools_shared.obj
         .\Debug\.\/vvis.obj
         .\Debug\.\/WaterDist.obj
         .\Debug\.\/zip_utils.obj
         "..\..\lib\public\discord-rpc.lib"
         ..\..\lib\common\lzma.lib
         ..\..\lib\public\mathlib.lib
         ..\..\lib\public\tier0.lib
         ..\..\lib\public\tier1.lib
         ..\..\lib\public\tier2.lib
         ..\..\lib\public\vmpi.lib
         ..\..\lib\public\vstdlib.lib
            Creating library .\Debug\.\vvis_dll.lib and object .\Debug\.\vvis_dll.exp
         vvis_dll.vcxproj -> C:\Users\benbl\OneDrive\Documentos\GitHub\Shoot-Fortress\Shoot em fortress\src\utils\vvis\.\Debug\.\vvis_dll.dll
       PostBuildEvent:
         if not exist "..\..\..\game\bin\." mkdir "..\..\..\game\bin\."
         copy "C:\Users\benbl\OneDrive\Documentos\GitHub\Shoot-Fortress\Shoot em fortress\src\utils\vvis\Debug\vvis_dll.dll" "..\..\..\game\bin\.\vvis_dll.dll"
         if ERRORLEVEL 1 goto BuildEventFailed
         if exist "C:\Users\benbl\OneDrive\Documentos\GitHub\Shoot-Fortress\Shoot em fortress\src\utils\vvis\Debug\vvis_dll.map" copy "C:\Users\benbl\OneDrive\Documentos\GitHub\Shoot-Fortress\Shoot em fortress\src\utils\vvis\Debug\vvis_dll.map" ..\..\..\game\bin\.\vvis_dll.map
         copy "C:\Users\benbl\OneDrive\Documentos\GitHub\Shoot-Fortress\Shoot em fortress\src\utils\vvis\Debug\vvis_dll.pdb" ..\..\..\game\bin\.\vvis_dll.pdb
         if ERRORLEVEL 1 goto BuildEventFailed
         goto BuildEventOK
         :BuildEventFailed
         echo *** ERROR! PostBuildStep FAILED for Vvis_dll! EXE or DLL is probably running. ***
         del /q "C:\Users\benbl\OneDrive\Documentos\GitHub\Shoot-Fortress\Shoot em fortress\src\utils\vvis\Debug\vvis_dll.dll"
         exit 1
         :BuildEventOK
         
         :VCEnd
                 1 archivo(s) copiado(s).
                 1 archivo(s) copiado(s).
     1>Done Building Project "C:\Users\benbl\OneDrive\Documentos\GitHub\Shoot-Fortress\Shoot em fortress\src\utils\vvis\vvis_dll.vcxproj" (Build target(s)).

Build succeeded.

Time Elapsed 00:00:16.27
