Build started 13-03-2021 11:10:59.
     1>Project "C:\Users\benbl\OneDrive\Documentos\GitHub\Shoot-Fortress\Shoot em fortress\src\utils\qc_eyes\qc_eyes.vcxproj" on node 2 (Build target(s)).
     1>PreBuildEvent:
         if EXIST ..\..\..\game\bin\.\qc_eyes.exe for /f "delims=" %%A in ('attrib "..\..\..\game\bin\.\qc_eyes.exe"') do set valveTmpIsReadOnly="%%A"
         set valveTmpIsReadOnlyLetter=%valveTmpIsReadOnly:~6,1%
         if "%valveTmpIsReadOnlyLetter%"=="R" del /q "C:\Users\benbl\OneDrive\Documentos\GitHub\Shoot-Fortress\Shoot em fortress\src\utils\qc_eyes\Debug\"qc_eyes.exe
         if exist "..\..\devtools\bin\vpc.exe" "..\..\devtools\bin\vpc.exe" -crc2 "qc_eyes.vcxproj"
         if ERRORLEVEL 1 exit /b 1
         
         :VCEnd
       CustomBuild:
         Running VPC CRC Check - qc_eyes.vpc
       Link:
         C:\Program Files (x86)\Microsoft Visual Studio 12.0\VC\bin\link.exe /ERRORREPORT:PROMPT /OUT:".\Debug\.\\qc_eyes.exe" /INCREMENTAL /NOLOGO shell32.lib user32.lib advapi32.lib gdi32.lib comdlg32.lib ole32.lib windowscodecs.lib /NODEFAULTLIB:libc /NODEFAULTLIB:libcd /NODEFAULTLIB:libcmt /NODEFAULTLIB:libcpmt /NODEFAULTLIB:libcpmt1 /MANIFEST /MANIFESTUAC:"level='asInvoker' uiAccess='false'" /manifest:embed /DEBUG /PDB:".\Debug\.\/qc_eyes.pdb" /SUBSYSTEM:WINDOWS,"5.01" /TLBID:1 /DYNAMICBASE:NO /NXCOMPAT /IMPLIB:".\Debug\.\qc_eyes.lib" /MACHINE:X86 /SAFESEH:NO /NXCOMPAT /ignore:4221 .\Debug\.\\pointeroverride.obj
         .\Debug\.\QC_Eyes.res
         .\Debug\.\/QC_Eyes.obj
         .\Debug\.\/QC_EyesDlg.obj
         .\Debug\.\/StdAfx.obj
         ..\..\lib\public\tier0.lib
         ..\..\lib\public\tier1.lib
         ..\..\lib\public\vstdlib.lib
         LINK : .\Debug\.\\qc_eyes.exe not found or not built by the last incremental link; performing full link
         qc_eyes.vcxproj -> C:\Users\benbl\OneDrive\Documentos\GitHub\Shoot-Fortress\Shoot em fortress\src\utils\qc_eyes\.\Debug\.\qc_eyes.exe
       PostBuildEvent:
         copy "C:\Users\benbl\OneDrive\Documentos\GitHub\Shoot-Fortress\Shoot em fortress\src\utils\qc_eyes\Debug\"qc_eyes.exe ..\..\..\game\bin\.\qc_eyes.exe >nul
         if ERRORLEVEL 1 goto BuildEventFailed
         if exist "C:\Users\benbl\OneDrive\Documentos\GitHub\Shoot-Fortress\Shoot em fortress\src\utils\qc_eyes\Debug\"qc_eyes.map copy "C:\Users\benbl\OneDrive\Documentos\GitHub\Shoot-Fortress\Shoot em fortress\src\utils\qc_eyes\Debug\"qc_eyes.map ..\..\..\game\bin\.\qc_eyes.map >nul
         copy "C:\Users\benbl\OneDrive\Documentos\GitHub\Shoot-Fortress\Shoot em fortress\src\utils\qc_eyes\Debug\"qc_eyes.pdb ..\..\..\game\bin\.\qc_eyes.pdb >nul
         if ERRORLEVEL 1 goto BuildEventFailed
         goto BuildEventOK
         :BuildEventFailed
         echo *** ERROR! PostBuildStep FAILED for QC_Eyes! EXE or DLL is probably running. ***
         del /q "C:\Users\benbl\OneDrive\Documentos\GitHub\Shoot-Fortress\Shoot em fortress\src\utils\qc_eyes\Debug\"qc_eyes.exe
         exit 1
         :BuildEventOK
         
         :VCEnd
     1>Done Building Project "C:\Users\benbl\OneDrive\Documentos\GitHub\Shoot-Fortress\Shoot em fortress\src\utils\qc_eyes\qc_eyes.vcxproj" (Build target(s)).

Build succeeded.

Time Elapsed 00:00:27.84
