Build started 13-03-2021 11:11:16.
     1>Project "C:\Users\benbl\OneDrive\Documentos\GitHub\Shoot-Fortress\Shoot em fortress\src\utils\serverplugin_sample\serverplugin_empty.vcxproj" on node 4 (Build target(s)).
     1>PreBuildEvent:
         if EXIST ..\..\..\game\bin\.\serverplugin_empty.dll for /f "delims=" %%A in ('attrib "..\..\..\game\bin\.\serverplugin_empty.dll"') do set valveTmpIsReadOnly="%%A"
         set valveTmpIsReadOnlyLetter=%valveTmpIsReadOnly:~6,1%
         if "%valveTmpIsReadOnlyLetter%"=="R" del /q "C:\Users\benbl\OneDrive\Documentos\GitHub\Shoot-Fortress\Shoot em fortress\src\utils\serverplugin_sample\Debug\"serverplugin_empty.dll
         if exist "..\..\devtools\bin\vpc.exe" "..\..\devtools\bin\vpc.exe" -crc2 "serverplugin_empty.vcxproj"
         if ERRORLEVEL 1 exit /b 1
         
         :VCEnd
       CustomBuild:
         Running VPC CRC Check - serverplugin_empty.vpc
       Link:
         C:\Program Files (x86)\Microsoft Visual Studio 12.0\VC\bin\link.exe /ERRORREPORT:PROMPT /OUT:".\Debug\.\\serverplugin_empty.dll" /INCREMENTAL /NOLOGO /LIBPATH:..\..\lib\common\. /LIBPATH:..\..\lib\public\. shell32.lib user32.lib advapi32.lib gdi32.lib comdlg32.lib ole32.lib odbc32.lib odbccp32.lib /NODEFAULTLIB:libc /NODEFAULTLIB:libcd /NODEFAULTLIB:libcmt /NODEFAULTLIB:libcpmt /NODEFAULTLIB:libcpmt1 /MANIFEST:NO /DEBUG /PDB:".\Debug\.\/serverplugin_empty.pdb" /SUBSYSTEM:WINDOWS,"5.01" /TLBID:1 /DYNAMICBASE:NO /NXCOMPAT /IMPLIB:".\Debug\.\serverplugin_empty.lib" /MACHINE:X86 /SAFESEH:NO  /ignore:4221 /DLL .\Debug\.\\pointeroverride.obj
         .\Debug\.\/memoverride.obj
         .\Debug\.\/serverplugin_bot.obj
         .\Debug\.\/serverplugin_empty.obj
         "..\..\lib\public\discord-rpc.lib"
         ..\..\lib\public\mathlib.lib
         ..\..\lib\public\tier0.lib
         ..\..\lib\public\tier1.lib
         ..\..\lib\public\tier2.lib
         ..\..\lib\public\vstdlib.lib
            Creating library .\Debug\.\serverplugin_empty.lib and object .\Debug\.\serverplugin_empty.exp
         serverplugin_empty.vcxproj -> C:\Users\benbl\OneDrive\Documentos\GitHub\Shoot-Fortress\Shoot em fortress\src\utils\serverplugin_sample\.\Debug\.\serverplugin_empty.dll
       PostBuildEvent:
         if not exist "..\..\..\game\bin\." mkdir "..\..\..\game\bin\."
         copy "C:\Users\benbl\OneDrive\Documentos\GitHub\Shoot-Fortress\Shoot em fortress\src\utils\serverplugin_sample\Debug\serverplugin_empty.dll" "..\..\..\game\bin\.\serverplugin_empty.dll"
         if ERRORLEVEL 1 goto BuildEventFailed
         if exist "C:\Users\benbl\OneDrive\Documentos\GitHub\Shoot-Fortress\Shoot em fortress\src\utils\serverplugin_sample\Debug\serverplugin_empty.map" copy "C:\Users\benbl\OneDrive\Documentos\GitHub\Shoot-Fortress\Shoot em fortress\src\utils\serverplugin_sample\Debug\serverplugin_empty.map" ..\..\..\game\bin\.\serverplugin_empty.map
         copy "C:\Users\benbl\OneDrive\Documentos\GitHub\Shoot-Fortress\Shoot em fortress\src\utils\serverplugin_sample\Debug\serverplugin_empty.pdb" ..\..\..\game\bin\.\serverplugin_empty.pdb
         if ERRORLEVEL 1 goto BuildEventFailed
         goto BuildEventOK
         :BuildEventFailed
         echo *** ERROR! PostBuildStep FAILED for Serverplugin_empty! EXE or DLL is probably running. ***
         del /q "C:\Users\benbl\OneDrive\Documentos\GitHub\Shoot-Fortress\Shoot em fortress\src\utils\serverplugin_sample\Debug\serverplugin_empty.dll"
         exit 1
         :BuildEventOK
         
         :VCEnd
                 1 archivo(s) copiado(s).
                 1 archivo(s) copiado(s).
     1>Done Building Project "C:\Users\benbl\OneDrive\Documentos\GitHub\Shoot-Fortress\Shoot em fortress\src\utils\serverplugin_sample\serverplugin_empty.vcxproj" (Build target(s)).

Build succeeded.

Time Elapsed 00:00:10.93
