Build started 13-03-2021 11:11:31.
     1>Project "C:\Users\benbl\OneDrive\Documentos\GitHub\Shoot-Fortress\Shoot em fortress\src\utils\vtfdiff\vtfdiff.vcxproj" on node 4 (Build target(s)).
     1>PreBuildEvent:
         if EXIST ..\..\..\game\bin\.\vtfdiff.exe for /f "delims=" %%A in ('attrib "..\..\..\game\bin\.\vtfdiff.exe"') do set valveTmpIsReadOnly="%%A"
         set valveTmpIsReadOnlyLetter=%valveTmpIsReadOnly:~6,1%
         if "%valveTmpIsReadOnlyLetter%"=="R" del /q "C:\Users\benbl\OneDrive\Documentos\GitHub\Shoot-Fortress\Shoot em fortress\src\utils\vtfdiff\Debug\"vtfdiff.exe
         if exist "..\..\devtools\bin\vpc.exe" "..\..\devtools\bin\vpc.exe" -crc2 "vtfdiff.vcxproj"
         if ERRORLEVEL 1 exit /b 1
         
         :VCEnd
       CustomBuild:
         Running VPC CRC Check - vtfdiff.vpc
       Link:
         vtfdiff.vcxproj -> C:\Users\benbl\OneDrive\Documentos\GitHub\Shoot-Fortress\Shoot em fortress\src\utils\vtfdiff\.\Debug\.\vtfdiff.exe
       PostBuildEvent:
         copy "C:\Users\benbl\OneDrive\Documentos\GitHub\Shoot-Fortress\Shoot em fortress\src\utils\vtfdiff\Debug\"vtfdiff.exe ..\..\..\game\bin\.\vtfdiff.exe >nul
         if ERRORLEVEL 1 goto BuildEventFailed
         if exist "C:\Users\benbl\OneDrive\Documentos\GitHub\Shoot-Fortress\Shoot em fortress\src\utils\vtfdiff\Debug\"vtfdiff.map copy "C:\Users\benbl\OneDrive\Documentos\GitHub\Shoot-Fortress\Shoot em fortress\src\utils\vtfdiff\Debug\"vtfdiff.map ..\..\..\game\bin\.\vtfdiff.map >nul
         copy "C:\Users\benbl\OneDrive\Documentos\GitHub\Shoot-Fortress\Shoot em fortress\src\utils\vtfdiff\Debug\"vtfdiff.pdb ..\..\..\game\bin\.\vtfdiff.pdb >nul
         if ERRORLEVEL 1 goto BuildEventFailed
         goto BuildEventOK
         :BuildEventFailed
         echo *** ERROR! PostBuildStep FAILED for Vtfdiff! EXE or DLL is probably running. ***
         del /q "C:\Users\benbl\OneDrive\Documentos\GitHub\Shoot-Fortress\Shoot em fortress\src\utils\vtfdiff\Debug\"vtfdiff.exe
         exit 1
         :BuildEventOK
         
         :VCEnd
     1>Done Building Project "C:\Users\benbl\OneDrive\Documentos\GitHub\Shoot-Fortress\Shoot em fortress\src\utils\vtfdiff\vtfdiff.vcxproj" (Build target(s)).

Build succeeded.

Time Elapsed 00:00:01.06
