Build started 10-03-2021 21:11:58.
     1>Project "C:\Users\benbl\OneDrive\Documentos\GitHub\Shoot-Fortress\Shoot em fortress\src\game\client\client_hl2mp.vcxproj" on node 2 (Build target(s)).
     1>PreBuildEvent:
         if EXIST ..\..\..\game\mod_hl2mp\bin\.\client.dll for /f "delims=" %%A in ('attrib "..\..\..\game\mod_hl2mp\bin\.\client.dll"') do set valveTmpIsReadOnly="%%A"
         set valveTmpIsReadOnlyLetter=%valveTmpIsReadOnly:~6,1%
         if "%valveTmpIsReadOnlyLetter%"=="R" del /q "C:\Users\benbl\OneDrive\Documentos\GitHub\Shoot-Fortress\Shoot em fortress\src\game\client\Debug_mod_hl2mp\"client.dll
         if exist "..\..\devtools\bin\vpc.exe" "..\..\devtools\bin\vpc.exe" -crc2 "client_hl2mp.vcxproj"
         if ERRORLEVEL 1 exit /b 1
         
         :VCEnd
       CustomBuild:
         Running VPC CRC Check - client_hl2mp.vpc
       Link:
         client_hl2mp.vcxproj -> C:\Users\benbl\OneDrive\Documentos\GitHub\Shoot-Fortress\Shoot em fortress\src\game\client\.\Debug_mod_hl2mp\client.dll
       PostBuildEvent:
         if not exist "..\..\..\game\mod_hl2mp\bin\." mkdir "..\..\..\game\mod_hl2mp\bin\."
         copy "C:\Users\benbl\OneDrive\Documentos\GitHub\Shoot-Fortress\Shoot em fortress\src\game\client\Debug_mod_hl2mp\client.dll" "..\..\..\game\mod_hl2mp\bin\.\client.dll"
         if ERRORLEVEL 1 goto BuildEventFailed
         if exist "C:\Users\benbl\OneDrive\Documentos\GitHub\Shoot-Fortress\Shoot em fortress\src\game\client\Debug_mod_hl2mp\client.map" copy "C:\Users\benbl\OneDrive\Documentos\GitHub\Shoot-Fortress\Shoot em fortress\src\game\client\Debug_mod_hl2mp\client.map" ..\..\..\game\mod_hl2mp\bin\.\client.map
         copy "C:\Users\benbl\OneDrive\Documentos\GitHub\Shoot-Fortress\Shoot em fortress\src\game\client\Debug_mod_hl2mp\client.pdb" ..\..\..\game\mod_hl2mp\bin\.\client.pdb
         if ERRORLEVEL 1 goto BuildEventFailed
         goto BuildEventOK
         :BuildEventFailed
         echo *** ERROR! PostBuildStep FAILED for Client (HL2MP)! EXE or DLL is probably running. ***
         del /q "C:\Users\benbl\OneDrive\Documentos\GitHub\Shoot-Fortress\Shoot em fortress\src\game\client\Debug_mod_hl2mp\client.dll"
         exit 1
         :BuildEventOK
         
         :VCEnd
                 1 archivo(s) copiado(s).
                 1 archivo(s) copiado(s).
     1>Done Building Project "C:\Users\benbl\OneDrive\Documentos\GitHub\Shoot-Fortress\Shoot em fortress\src\game\client\client_hl2mp.vcxproj" (Build target(s)).

Build succeeded.

Time Elapsed 00:00:04.79
