Build started 10-03-2021 21:11:55.
     1>Project "C:\Users\benbl\OneDrive\Documentos\GitHub\Shoot-Fortress\Shoot em fortress\src\tier1\tier1.vcxproj" on node 3 (Build target(s)).
     1>PreBuildEvent:
         if EXIST ..\lib\public\.\tier1.lib ( for /f "delims=" %%A in ('attrib "..\lib\public\.\tier1.lib"') do set valveTmpIsReadOnly="%%A"
         ) else ( if not EXIST ..\lib\public\. mkdir ..\lib\public\. )
         set valveTmpIsReadOnlyLetter=%valveTmpIsReadOnly:~6,1%
         if "%valveTmpIsReadOnlyLetter%"=="R" (
             attrib -r ..\lib\public\.\tier1.lib
             ..\devtools\bin\gnu\touch.exe -d "1999-01-01" ..\lib\public\.\tier1.lib
             attrib +r ..\lib\public\.\tier1.lib
         )
         if exist "..\devtools\bin\vpc.exe" "..\devtools\bin\vpc.exe" -crc2 "tier1.vcxproj"
         if ERRORLEVEL 1 exit /b 1
         
         :VCEnd
       CustomBuild:
         Running VPC CRC Check - tier1.vpc
       Lib:
         tier1.vcxproj -> C:\Users\benbl\OneDrive\Documentos\GitHub\Shoot-Fortress\Shoot em fortress\src\tier1\..\lib\public\.\tier1.lib
     1>Done Building Project "C:\Users\benbl\OneDrive\Documentos\GitHub\Shoot-Fortress\Shoot em fortress\src\tier1\tier1.vcxproj" (Build target(s)).

Build succeeded.

Time Elapsed 00:00:02.95
